Running Sphinx v1.6.6
loading pickled environment... done
building [mo]: targets for 0 po files that are out of date
building [html]: targets for 1 source files that are out of date
updating environment: 0 added, 3 changed, 0 removed
reading sources... [ 33%] cam6_scientific_guide/chapter4
reading sources... [ 66%] cam6_scientific_guide/chapter5
reading sources... [100%] users_guide/model-output

/work/CAM_docs/doc/source/cam6_scientific_guide/chapter4.rst:2686: WARNING: image file not readable: cam6_scientific_guide/figures/cam5_aero_fig1.jpg
/work/CAM_docs/doc/source/cam6_scientific_guide/chapter4.rst:3548: WARNING: image file not readable: cam6_scientific_guide/figures/kurucz.jpg
/work/CAM_docs/doc/source/cam6_scientific_guide/chapter4.rst:3553: WARNING: image file not readable: cam6_scientific_guide/figures/lean.jpg
/work/CAM_docs/doc/source/cam6_scientific_guide/chapter4.rst:3559: WARNING: image file not readable: cam6_scientific_guide/figures/relative_ssf.jpg
/work/CAM_docs/doc/source/cam6_scientific_guide/chapter5.rst:: WARNING: image file not readable: cam6_scientific_guide/figures/ions.jpg
looking for now-outdated files... none found
pickling environment... done
checking consistency... done
preparing documents... done
writing output... [ 16%] cam6_scientific_guide/chapter4
writing output... [ 33%] cam6_scientific_guide/chapter5
writing output... [ 50%] cam6_scientific_guide/index
writing output... [ 66%] index
writing output... [ 83%] users_guide/index
writing output... [100%] users_guide/model-output

/work/CAM_docs/doc/source/cam6_scientific_guide/chapter4.rst:1010: WARNING: undefined label: microscale (if the link has no caption the label must precede a section header)
/work/CAM_docs/doc/source/cam6_scientific_guide/chapter4.rst:1626: WARNING: equation not found: 22
/work/CAM_docs/doc/source/cam6_scientific_guide/chapter4.rst:2235: WARNING: undefined label: table_aerocom_emis (if the link has no caption the label must precede a section header)
/work/CAM_docs/doc/source/cam6_scientific_guide/chapter4.rst:2358: WARNING: undefined label: table_soa_yields (if the link has no caption the label must precede a section header)
/work/CAM_docs/doc/source/cam6_scientific_guide/chapter4.rst:2718: WARNING: undefined label: table_aerdensity (if the link has no caption the label must precede a section header)
/work/CAM_docs/doc/source/cam6_scientific_guide/chapter4.rst:3338: WARNING: undefined label: sec-lean (if the link has no caption the label must precede a section header)
/work/CAM_docs/doc/source/cam6_scientific_guide/chapter5.rst:50: WARNING: citation not found: {tie:02
generating indices... genindex
writing additional pages... search
copying images... [ 50%] cam6_scientific_guide/figures/cam5_aero_fig2.jpg
copying images... [100%] cam6_scientific_guide/figures/ionprod.jpg

copying static files... done
copying extra files... done
dumping search index in English (code: en) ... done
dumping object inventory... done
build succeeded, 12 warnings.

Build finished. The HTML pages are in build/html.
